<?xml version="1.0" encoding="UTF-8"?>
<!-- Generated by org.testng.reporters.JUnitXMLReporter -->
<testsuite ignored="0" hostname="ASIF" failures="0" tests="2" name="Test Before suite After site" time="0.039" errors="0" timestamp="2024-10-17T19:50:33 IST">
  <testcase classname="com.practice.testng.Login_CommonDataSetup_Extends_Ex" name="bloginTest" time="0.004"/>
  <testcase classname="com.practice.testng.Login_CommonDataSetup_Extends_Ex" name="alogoutTest" time="0.002"/>
</testsuite> <!-- Test Before suite After site -->
