<?xml version="1.0" encoding="UTF-8"?>
<testng-results ignored="0" total="2" passed="2" failed="0" skipped="0">
  <reporter-output>
  </reporter-output>
  <suite started-at="2024-11-04T13:25:16 IST" name="Default suite" finished-at="2024-11-04T13:25:16 IST" duration-ms="43">
    <groups>
      <group name="fnctional">
        <method signature="BfAfClass_BfAfGroups_TestNG_Ex.method2()[pri:0, instance:com.practice.testng.BfAfClass_BfAfGroups_TestNG_Ex@1a451d4d]" name="method2" class="com.practice.testng.BfAfClass_BfAfGroups_TestNG_Ex"/>
      </group> <!-- fnctional -->
      <group name="regression">
        <method signature="BfAfClass_BfAfGroups_TestNG_Ex.method1()[pri:0, instance:com.practice.testng.BfAfClass_BfAfGroups_TestNG_Ex@1a451d4d]" name="method1" class="com.practice.testng.BfAfClass_BfAfGroups_TestNG_Ex"/>
      </group> <!-- regression -->
      <group name="integration">
        <method signature="BfAfClass_BfAfGroups_TestNG_Ex.method1()[pri:0, instance:com.practice.testng.BfAfClass_BfAfGroups_TestNG_Ex@1a451d4d]" name="method1" class="com.practice.testng.BfAfClass_BfAfGroups_TestNG_Ex"/>
      </group> <!-- integration -->
    </groups>
    <test started-at="2024-11-04T13:25:16 IST" name="Default test" finished-at="2024-11-04T13:25:16 IST" duration-ms="43">
      <class name="com.practice.testng.BfAfClass_BfAfGroups_TestNG_Ex">
        <test-method is-config="true" signature="beforeClass()[pri:0, instance:com.practice.testng.BfAfClass_BfAfGroups_TestNG_Ex@1a451d4d]" started-at="2024-11-04T13:25:16 IST" name="beforeClass" finished-at="2024-11-04T13:25:16 IST" duration-ms="5" status="PASS">
          <reporter-output>
          </reporter-output>
        </test-method> <!-- beforeClass -->
        <test-method signature="method1()[pri:0, instance:com.practice.testng.BfAfClass_BfAfGroups_TestNG_Ex@1a451d4d]" started-at="2024-11-04T13:25:16 IST" name="method1" finished-at="2024-11-04T13:25:16 IST" duration-ms="6" status="PASS">
          <reporter-output>
          </reporter-output>
        </test-method> <!-- method1 -->
        <test-method signature="method2()[pri:0, instance:com.practice.testng.BfAfClass_BfAfGroups_TestNG_Ex@1a451d4d]" started-at="2024-11-04T13:25:16 IST" name="method2" finished-at="2024-11-04T13:25:16 IST" duration-ms="1" status="PASS">
          <reporter-output>
          </reporter-output>
        </test-method> <!-- method2 -->
        <test-method is-config="true" signature="afterClass()[pri:0, instance:com.practice.testng.BfAfClass_BfAfGroups_TestNG_Ex@1a451d4d]" started-at="2024-11-04T13:25:16 IST" name="afterClass" finished-at="2024-11-04T13:25:16 IST" duration-ms="0" status="PASS">
          <reporter-output>
          </reporter-output>
        </test-method> <!-- afterClass -->
      </class> <!-- com.practice.testng.BfAfClass_BfAfGroups_TestNG_Ex -->
    </test> <!-- Default test -->
  </suite> <!-- Default suite -->
</testng-results>
