<?xml version="1.0" encoding="UTF-8"?>
<!-- Generated by org.testng.reporters.JUnitXMLReporter -->
<testsuite ignored="0" hostname="ASIF" failures="0" tests="12" name="Test" time="0.097" errors="0" timestamp="2024-10-16T19:30:38 IST">
  <testcase classname="com.practice.testng.BfAfTest_BfAfMethod_TestNG_Ex" name="method1" time="0.004"/>
  <testcase classname="com.practice.testng.BfAfTest_BfAfMethod_TestNG_Ex" name="method2" time="0.002"/>
  <testcase classname="com.practice.testng.GroupTestClasses_TestNG_Ex" name="cTest33" time="0.001"/>
  <testcase classname="com.practice.testng.GroupTestClasses_TestNG_Ex" name="dTest44" time="0.001"/>
  <testcase classname="com.practice.testng.GroupTestClasses_TestNG_Ex" name="bTest11" time="0.001"/>
  <testcase classname="com.practice.testng.GroupTestClasses_TestNG_Ex" name="aTest22" time="0.002"/>
  <testcase classname="com.practice.testng.GroupTestCases_TestNG_Ex" name="cTest3" time="0.001"/>
  <testcase classname="com.practice.testng.GroupTestCases_TestNG_Ex" name="dTest4" time="0.001"/>
  <testcase classname="com.practice.testng.GroupTestCases_TestNG_Ex" name="bTest1" time="0.001"/>
  <testcase classname="com.practice.testng.GroupTestCases_TestNG_Ex" name="aTest2" time="0.001"/>
  <testcase classname="com.practice.testng.Login_TestNG_Ex" name="bloginTest" time="0.002"/>
  <testcase classname="com.practice.testng.Login_TestNG_Ex" name="alogoutTest" time="0.001"/>
</testsuite> <!-- Test -->
