<?xml version="1.0" encoding="UTF-8"?>
<!-- Generated by org.testng.reporters.JUnitXMLReporter -->
<testsuite ignored="1" hostname="ASIF" failures="0" tests="3" name="GRP-Integration" time="0.051" errors="0" timestamp="2024-10-15T20:26:27 IST">
  <testcase classname="com.practice.testng.GroupTestCases_TestNG_Ex" name="cTest3" time="0.008"/>
  <testcase classname="com.practice.testng.GroupTestCases_TestNG_Ex" name="dTest4" time="0.001"/>
  <testcase classname="com.practice.testng.GroupTestCases_TestNG_Ex" name="aTest2" time="0.0"/>
  <testcase classname="com.practice.testng.GroupTestCases_TestNG_Ex" name="bTest1" time="0.0">
    <ignored/>
  </testcase> <!-- bTest1 -->
</testsuite> <!-- GRP-Integration -->
