<?xml version="1.0" encoding="UTF-8"?>
<!-- Generated by org.testng.reporters.JUnitXMLReporter -->
<testsuite ignored="1" hostname="ASIF" failures="0" tests="1" name="GRP-regression" time="0.046" errors="0" timestamp="2024-10-17T19:33:09 IST">
  <testcase classname="com.practice.testng.BfAfClass_BfAfGroups_TestNG_Ex" name="method1" time="0.007"/>
  <testcase classname="com.practice.testng.BfAfClass_BfAfGroups_TestNG_Ex" name="method2" time="0.0">
    <ignored/>
  </testcase> <!-- method2 -->
</testsuite> <!-- GRP-regression -->
