<?xml version="1.0" encoding="UTF-8"?>
<!-- Generated by org.testng.reporters.JUnitXMLReporter -->
<testsuite ignored="0" hostname="ASIF" failures="0" tests="4" name="GRP-Functional,Integration" time="0.054" errors="0" timestamp="2024-10-15T20:27:59 IST">
  <testcase classname="com.practice.testng.GroupTestCases_TestNG_Ex" name="cTest3" time="0.007"/>
  <testcase classname="com.practice.testng.GroupTestCases_TestNG_Ex" name="dTest4" time="0.002"/>
  <testcase classname="com.practice.testng.GroupTestCases_TestNG_Ex" name="bTest1" time="0.003"/>
  <testcase classname="com.practice.testng.GroupTestCases_TestNG_Ex" name="aTest2" time="0.002"/>
</testsuite> <!-- GRP-Functional,Integration -->
