<?xml version="1.0" encoding="UTF-8"?>
<!-- Generated by org.testng.reporters.JUnitXMLReporter -->
<testsuite ignored="2" hostname="ASIF" failures="0" tests="2" name="GRP-Functional" time="0.05" errors="0" timestamp="2024-10-15T20:28:19 IST">
  <testcase classname="com.practice.testng.GroupTestCases_TestNG_Ex" name="bTest1" time="0.007"/>
  <testcase classname="com.practice.testng.GroupTestCases_TestNG_Ex" name="aTest2" time="0.002"/>
  <testcase classname="com.practice.testng.GroupTestCases_TestNG_Ex" name="dTest4" time="0.0">
    <ignored/>
  </testcase> <!-- dTest4 -->
  <testcase classname="com.practice.testng.GroupTestCases_TestNG_Ex" name="cTest3" time="0.0">
    <ignored/>
  </testcase> <!-- cTest3 -->
</testsuite> <!-- GRP-Functional -->
