<?xml version="1.0" encoding="UTF-8"?>
<!-- Generated by org.testng.reporters.JUnitXMLReporter -->
<testsuite ignored="0" hostname="ASIF" failures="0" tests="8" name="GRP-ClassTest" time="0.059" errors="0" timestamp="2024-10-16T11:53:33 IST">
  <testcase classname="com.practice.testng.GroupTestCases_TestNG_Ex" name="cTest3" time="0.004"/>
  <testcase classname="com.practice.testng.GroupTestCases_TestNG_Ex" name="dTest4" time="0.0"/>
  <testcase classname="com.practice.testng.GroupTestCases_TestNG_Ex" name="bTest1" time="0.001"/>
  <testcase classname="com.practice.testng.GroupTestCases_TestNG_Ex" name="aTest2" time="0.001"/>
  <testcase classname="com.practice.testng.GroupTestClasses_TestNG_Ex" name="cTest33" time="0.001"/>
  <testcase classname="com.practice.testng.GroupTestClasses_TestNG_Ex" name="dTest44" time="0.001"/>
  <testcase classname="com.practice.testng.GroupTestClasses_TestNG_Ex" name="bTest11" time="0.002"/>
  <testcase classname="com.practice.testng.GroupTestClasses_TestNG_Ex" name="aTest22" time="0.001"/>
</testsuite> <!-- GRP-ClassTest -->
